<?xml version="1.0" encoding="UTF-8"?>
<!-- Generated by org.testng.reporters.JUnitReportReporter -->
<testsuite hostname="DESKTOP-S8FJBJ1" failures="0" tests="3" name="testNG.Annotations" time="0.033" errors="0" timestamp="2025-05-01T23:13:53 IST" skipped="0">
  <testcase classname="testNG.Annotations" name="tc1" time="0.006"/>
  <testcase classname="testNG.Annotations" name="closeBrowser" time="0.006"/>
  <testcase classname="testNG.Annotations" name="SignUp" time="0.021"/>
</testsuite> <!-- testNG.Annotations -->
