<?xml version="1.0" encoding="UTF-8"?>
<!-- Generated by org.testng.reporters.JUnitReportReporter -->
<testsuite hostname="DESKTOP-S8FJBJ1" failures="0" tests="1" name="testNG.Annotations" time="0.026" errors="0" timestamp="2025-05-01T22:01:15 IST" skipped="0">
  <testcase classname="testNG.Annotations" name="tc1" time="0.026"/>
</testsuite> <!-- testNG.Annotations -->
